<?xml version="1.0" encoding="UTF-8"?>
<!-- Generated by org.testng.reporters.JUnitXMLReporter -->
<testsuite ignored="0" hostname="DESKTOP-67L8E2C" failures="4" tests="7" name="Test1" time="79.804" errors="0" timestamp="2024-11-12T12:22:22 IST">
  <testcase classname="com.HrmManagement.TestCases.TC_TestCaseLogin_001" name="loginTest" time="18.478"/>
  <testcase classname="com.HrmManagement.TestCases.TC_TestCaseRegister_001" name="registerTest" time="16.71"/>
  <testcase classname="com.HrmManagement.TestCases.TC_TestCaseLoginDDT_002" name="LoginDDTTest" time="12.366"/>
  <testcase classname="com.HrmManagement.TestCases.TC_TestCaseLoginDDT_002" name="LoginDDTTest" time="5.539">
    <failure type="java.lang.AssertionError" message="expected [true] but found [false]">
      <![CDATA[java.lang.AssertionError: expected [true] but found [false]
at com.HrmManagement.TestCases.TC_TestCaseLoginDDT_002.LoginDDTTest(TC_TestCaseLoginDDT_002.java:36)
at java.base/java.util.ArrayList.forEach(ArrayList.java:1597)
... Removed 33 stack frames]]>
    </failure>
  </testcase> <!-- LoginDDTTest -->
  <testcase classname="com.HrmManagement.TestCases.TC_TestCaseLoginDDT_002" name="LoginDDTTest" time="5.345">
    <failure type="java.lang.AssertionError" message="expected [true] but found [false]">
      <![CDATA[java.lang.AssertionError: expected [true] but found [false]
at com.HrmManagement.TestCases.TC_TestCaseLoginDDT_002.LoginDDTTest(TC_TestCaseLoginDDT_002.java:36)
at java.base/java.util.ArrayList.forEach(ArrayList.java:1597)
... Removed 33 stack frames]]>
    </failure>
  </testcase> <!-- LoginDDTTest -->
  <testcase classname="com.HrmManagement.TestCases.TC_TestCaseLoginDDT_002" name="LoginDDTTest" time="5.608">
    <failure type="java.lang.AssertionError" message="expected [true] but found [false]">
      <![CDATA[java.lang.AssertionError: expected [true] but found [false]
at com.HrmManagement.TestCases.TC_TestCaseLoginDDT_002.LoginDDTTest(TC_TestCaseLoginDDT_002.java:36)
at java.base/java.util.ArrayList.forEach(ArrayList.java:1597)
... Removed 33 stack frames]]>
    </failure>
  </testcase> <!-- LoginDDTTest -->
  <testcase classname="com.HrmManagement.TestCases.TC_TestCaseLoginDDT_002" name="LoginDDTTest" time="5.36">
    <failure type="java.lang.AssertionError" message="expected [true] but found [false]">
      <![CDATA[java.lang.AssertionError: expected [true] but found [false]
at com.HrmManagement.TestCases.TC_TestCaseLoginDDT_002.LoginDDTTest(TC_TestCaseLoginDDT_002.java:36)
at java.base/java.util.ArrayList.forEach(ArrayList.java:1597)
... Removed 33 stack frames]]>
    </failure>
  </testcase> <!-- LoginDDTTest -->
</testsuite> <!-- Test1 -->
