<!DOCTYPE html PUBLIC "-//W3C//DTD XHTML 1.1//EN" "https://www.w3.org/TR/xhtml11/DTD/xhtml11.dtd">
<html xmlns="https://www.w3.org/1999/xhtml">
<head>
<meta http-equiv="content-type" content="text/html; charset=UTF-8"/>
<title>TestNG Report</title>
<style type="text/css">table {margin-bottom:10px;border-collapse:collapse;empty-cells:show}th,td {border:1px solid #009;padding:.25em .5em}th {vertical-align:bottom}td {vertical-align:top}table a {font-weight:bold}.stripe td {background-color: #E6EBF9}.num {text-align:right}.passedodd td {background-color: #3F3}.passedeven td {background-color: #0A0}.skippedodd td {background-color: #DDD}.skippedeven td {background-color: #CCC}.failedodd td,.attn {background-color: #F33}.failedeven td,.stripe .attn {background-color: #D00}.stacktrace {white-space:pre;font-family:monospace}.totop {font-size:85%;text-align:center;border-bottom:2px solid #000}.invisible {display:none}</style>
</head>
<body>
<table>
<tr><th>Test</th><th># Passed</th><th># Skipped</th><th># Retried</th><th># Failed</th><th>Time (ms)</th><th>Included Groups</th><th>Excluded Groups</th></tr>
<tr><th colspan="8">Suite</th></tr>
<tr><td><a href="#t0">Test1</a></td><td class="num">3</td><td class="num">0</td><td class="num">0</td><td class="num attn">4</td><td class="num">79,804</td><td></td><td></td></tr>
</table>
<table id='summary'><thead><tr><th>Class</th><th>Method</th><th>Start</th><th>Time (ms)</th></tr></thead><tbody><tr><th colspan="4">Suite</th></tr></tbody><tbody id="t0"><tr><th colspan="4">Test1 &#8212; failed</th></tr><tr class="failedeven"><td rowspan="4">com.HrmManagement.TestCases.TC_TestCaseLoginDDT_002</td><td><a href="#m0">LoginDDTTest</a></td><td rowspan="4">1731394324412</td><td rowspan="4">5345</td></tr><tr class="failedeven"><td><a href="#m1">LoginDDTTest</a></td></tr><tr class="failedeven"><td><a href="#m2">LoginDDTTest</a></td></tr><tr class="failedeven"><td><a href="#m3">LoginDDTTest</a></td></tr><tr><th colspan="4">Test1 &#8212; passed</th></tr><tr class="passedeven"><td rowspan="1">com.HrmManagement.TestCases.TC_TestCaseLoginDDT_002</td><td><a href="#m4">LoginDDTTest</a></td><td rowspan="1">1731394306208</td><td rowspan="1">12366</td></tr><tr class="passedodd"><td rowspan="1">com.HrmManagement.TestCases.TC_TestCaseLogin_001</td><td><a href="#m5">loginTest</a></td><td rowspan="1">1731394265471</td><td rowspan="1">18478</td></tr><tr class="passedeven"><td rowspan="1">com.HrmManagement.TestCases.TC_TestCaseRegister_001</td><td><a href="#m6">registerTest</a></td><td rowspan="1">1731394285749</td><td rowspan="1">16710</td></tr></tbody>
</table>
<h2>Test1</h2><h3 id="m0">com.HrmManagement.TestCases.TC_TestCaseLoginDDT_002#LoginDDTTest</h3><table class="result"><tr class="param"><th>Parameter #1</th><th>Parameter #2</th></tr><tr class="param stripe"><td>john</td><td>demo123</td></tr><tr><th colspan="2">Exception</th></tr><tr><td colspan="2"><div class="stacktrace">java.lang.AssertionError: expected [true] but found [false]
	at com.HrmManagement.TestCases.TC_TestCaseLoginDDT_002.LoginDDTTest(TC_TestCaseLoginDDT_002.java:36)
	at java.base/java.util.ArrayList.forEach(ArrayList.java:1597)
... Removed 33 stack frames</div></td></tr></table><p class="totop"><a href="#summary">back to summary</a></p>
<h3 id="m1">com.HrmManagement.TestCases.TC_TestCaseLoginDDT_002#LoginDDTTest</h3><table class="result"><tr class="param"><th>Parameter #1</th><th>Parameter #2</th></tr><tr class="param stripe"><td>john</td><td></td></tr><tr><th colspan="2">Exception</th></tr><tr><td colspan="2"><div class="stacktrace">java.lang.AssertionError: expected [true] but found [false]
	at com.HrmManagement.TestCases.TC_TestCaseLoginDDT_002.LoginDDTTest(TC_TestCaseLoginDDT_002.java:36)
	at java.base/java.util.ArrayList.forEach(ArrayList.java:1597)
... Removed 33 stack frames</div></td></tr></table><p class="totop"><a href="#summary">back to summary</a></p>
<h3 id="m2">com.HrmManagement.TestCases.TC_TestCaseLoginDDT_002#LoginDDTTest</h3><table class="result"><tr class="param"><th>Parameter #1</th><th>Parameter #2</th></tr><tr class="param stripe"><td>john1</td><td>demo</td></tr><tr><th colspan="2">Exception</th></tr><tr><td colspan="2"><div class="stacktrace">java.lang.AssertionError: expected [true] but found [false]
	at com.HrmManagement.TestCases.TC_TestCaseLoginDDT_002.LoginDDTTest(TC_TestCaseLoginDDT_002.java:36)
	at java.base/java.util.ArrayList.forEach(ArrayList.java:1597)
... Removed 33 stack frames</div></td></tr></table><p class="totop"><a href="#summary">back to summary</a></p>
<h3 id="m3">com.HrmManagement.TestCases.TC_TestCaseLoginDDT_002#LoginDDTTest</h3><table class="result"><tr class="param"><th>Parameter #1</th><th>Parameter #2</th></tr><tr class="param stripe"><td></td><td>demo</td></tr><tr><th colspan="2">Exception</th></tr><tr><td colspan="2"><div class="stacktrace">java.lang.AssertionError: expected [true] but found [false]
	at com.HrmManagement.TestCases.TC_TestCaseLoginDDT_002.LoginDDTTest(TC_TestCaseLoginDDT_002.java:36)
	at java.base/java.util.ArrayList.forEach(ArrayList.java:1597)
... Removed 33 stack frames</div></td></tr></table><p class="totop"><a href="#summary">back to summary</a></p>
<h3 id="m4">com.HrmManagement.TestCases.TC_TestCaseLoginDDT_002#LoginDDTTest</h3><table class="result"><tr class="param"><th>Parameter #1</th><th>Parameter #2</th></tr><tr class="param stripe"><td>john</td><td>demo</td></tr></table><p class="totop"><a href="#summary">back to summary</a></p>
<h3 id="m5">com.HrmManagement.TestCases.TC_TestCaseLogin_001#loginTest</h3><table class="result"><tr><th class="invisible"/></tr></table><p class="totop"><a href="#summary">back to summary</a></p>
<h3 id="m6">com.HrmManagement.TestCases.TC_TestCaseRegister_001#registerTest</h3><table class="result"><tr><th class="invisible"/></tr></table><p class="totop"><a href="#summary">back to summary</a></p>
</body>
</html>
